2018-08-24 12:29:39 [scrapy.utils.log] INFO: Scrapy 1.5.1 started (bot: s_redis)
2018-08-24 12:29:39 [scrapy.utils.log] INFO: Versions: lxml 4.2.4.0, libxml2 2.9.5, cssselect 1.0.3, parsel 1.5.0, w3lib 1.19.0, Twisted 18.7.0, Python 3.6.5 (v3.6.5:f59c0932b4, Mar 28 2018, 17:00:18) [MSC v.1900 64 bit (AMD64)], pyOpenSSL 18.0.0 (OpenSSL 1.1.0i  14 Aug 2018), cryptography 2.3.1, Platform Windows-10-10.0.17134-SP0
2018-08-24 12:29:39 [scrapy.crawler] INFO: Overridden settings: {'BOT_NAME': 's_redis', 'DUPEFILTER_CLASS': 'scrapy_redis_bloomfilter.dupefilter.RFPDupeFilter', 'LOG_FILE': 's_redis.log', 'LOG_LEVEL': 'INFO', 'NEWSPIDER_MODULE': 's_redis.spiders', 'SPIDER_MODULES': ['s_redis.spiders']}
2018-08-24 12:29:39 [scrapy.middleware] INFO: Enabled extensions:
['scrapy.extensions.corestats.CoreStats',
 'scrapy.extensions.telnet.TelnetConsole',
 'scrapy.extensions.logstats.LogStats']
2018-08-24 12:29:39 [tieba3] INFO: Reading start URLs from redis key 'tieba3spider:start_urls' (batch size: 16, encoding: utf-8
2018-08-24 12:29:39 [scrapy.middleware] INFO: Enabled downloader middlewares:
['scrapy.downloadermiddlewares.httpauth.HttpAuthMiddleware',
 'scrapy.downloadermiddlewares.downloadtimeout.DownloadTimeoutMiddleware',
 'scrapy.downloadermiddlewares.defaultheaders.DefaultHeadersMiddleware',
 'scrapy.downloadermiddlewares.useragent.UserAgentMiddleware',
 'scrapy.downloadermiddlewares.retry.RetryMiddleware',
 'scrapy.downloadermiddlewares.redirect.MetaRefreshMiddleware',
 'scrapy.downloadermiddlewares.httpcompression.HttpCompressionMiddleware',
 'scrapy.downloadermiddlewares.redirect.RedirectMiddleware',
 'scrapy.downloadermiddlewares.cookies.CookiesMiddleware',
 'scrapy.downloadermiddlewares.httpproxy.HttpProxyMiddleware',
 'scrapy.downloadermiddlewares.stats.DownloaderStats']
2018-08-24 12:29:39 [scrapy.middleware] INFO: Enabled spider middlewares:
['scrapy.spidermiddlewares.httperror.HttpErrorMiddleware',
 'scrapy.spidermiddlewares.offsite.OffsiteMiddleware',
 'scrapy.spidermiddlewares.referer.RefererMiddleware',
 'scrapy.spidermiddlewares.urllength.UrlLengthMiddleware',
 'scrapy.spidermiddlewares.depth.DepthMiddleware']
2018-08-24 12:29:39 [scrapy.middleware] INFO: Enabled item pipelines:
['scrapy_redis.pipelines.RedisPipeline']
2018-08-24 12:29:39 [scrapy.core.engine] INFO: Spider opened
2018-08-24 12:29:39 [scrapy.extensions.logstats] INFO: Crawled 0 pages (at 0 pages/min), scraped 0 items (at 0 items/min)
2018-08-24 12:30:01 [scrapy.crawler] INFO: Received SIGINT, shutting down gracefully. Send again to force 
2018-08-24 12:30:01 [scrapy.core.engine] INFO: Closing spider (shutdown)
2018-08-24 12:30:02 [scrapy.statscollectors] INFO: Dumping Scrapy stats:
{'downloader/request_bytes': 5431,
 'downloader/request_count': 11,
 'downloader/request_method_count/GET': 11,
 'downloader/response_bytes': 764190,
 'downloader/response_count': 11,
 'downloader/response_status_count/200': 11,
 'finish_reason': 'shutdown',
 'finish_time': datetime.datetime(2018, 8, 24, 4, 30, 2, 167554),
 'item_scraped_count': 500,
 'log_count/INFO': 9,
 'request_depth_max': 11,
 'response_received_count': 11,
 'scheduler/dequeued': 11,
 'scheduler/dequeued/memory': 11,
 'scheduler/enqueued': 12,
 'scheduler/enqueued/memory': 12,
 'start_time': datetime.datetime(2018, 8, 24, 4, 29, 39, 441990)}
2018-08-24 12:30:02 [scrapy.core.engine] INFO: Spider closed (shutdown)
2018-08-24 12:33:01 [scrapy.utils.log] INFO: Scrapy 1.5.1 started (bot: s_redis)
2018-08-24 12:33:01 [scrapy.utils.log] INFO: Versions: lxml 4.2.4.0, libxml2 2.9.5, cssselect 1.0.3, parsel 1.5.0, w3lib 1.19.0, Twisted 18.7.0, Python 3.6.5 (v3.6.5:f59c0932b4, Mar 28 2018, 17:00:18) [MSC v.1900 64 bit (AMD64)], pyOpenSSL 18.0.0 (OpenSSL 1.1.0i  14 Aug 2018), cryptography 2.3.1, Platform Windows-10-10.0.17134-SP0
2018-08-24 12:33:01 [scrapy.crawler] INFO: Overridden settings: {'BOT_NAME': 's_redis', 'DUPEFILTER_CLASS': 'scrapy_redis_bloomfilter.dupefilter.RFPDupeFilter', 'LOG_FILE': 's_redis.log', 'LOG_LEVEL': 'INFO', 'NEWSPIDER_MODULE': 's_redis.spiders', 'SCHEDULER': 'scrapy_redis_bloomfilter.scheduler.Scheduler', 'SPIDER_MODULES': ['s_redis.spiders']}
2018-08-24 12:33:01 [scrapy.middleware] INFO: Enabled extensions:
['scrapy.extensions.corestats.CoreStats',
 'scrapy.extensions.telnet.TelnetConsole',
 'scrapy.extensions.logstats.LogStats']
2018-08-24 12:33:01 [tieba3] INFO: Reading start URLs from redis key 'tieba3spider:start_urls' (batch size: 16, encoding: utf-8
2018-08-24 12:33:02 [scrapy.middleware] INFO: Enabled downloader middlewares:
['scrapy.downloadermiddlewares.httpauth.HttpAuthMiddleware',
 'scrapy.downloadermiddlewares.downloadtimeout.DownloadTimeoutMiddleware',
 'scrapy.downloadermiddlewares.defaultheaders.DefaultHeadersMiddleware',
 'scrapy.downloadermiddlewares.useragent.UserAgentMiddleware',
 'scrapy.downloadermiddlewares.retry.RetryMiddleware',
 'scrapy.downloadermiddlewares.redirect.MetaRefreshMiddleware',
 'scrapy.downloadermiddlewares.httpcompression.HttpCompressionMiddleware',
 'scrapy.downloadermiddlewares.redirect.RedirectMiddleware',
 'scrapy.downloadermiddlewares.cookies.CookiesMiddleware',
 'scrapy.downloadermiddlewares.httpproxy.HttpProxyMiddleware',
 'scrapy.downloadermiddlewares.stats.DownloaderStats']
2018-08-24 12:33:02 [scrapy.middleware] INFO: Enabled spider middlewares:
['scrapy.spidermiddlewares.httperror.HttpErrorMiddleware',
 'scrapy.spidermiddlewares.offsite.OffsiteMiddleware',
 'scrapy.spidermiddlewares.referer.RefererMiddleware',
 'scrapy.spidermiddlewares.urllength.UrlLengthMiddleware',
 'scrapy.spidermiddlewares.depth.DepthMiddleware']
2018-08-24 12:33:02 [scrapy.middleware] INFO: Enabled item pipelines:
['scrapy_redis.pipelines.RedisPipeline']
2018-08-24 12:33:02 [scrapy.core.engine] INFO: Spider opened
2018-08-24 12:33:02 [scrapy.extensions.logstats] INFO: Crawled 0 pages (at 0 pages/min), scraped 0 items (at 0 items/min)
2018-08-24 12:33:05 [scrapy.crawler] INFO: Received SIGINT, shutting down gracefully. Send again to force 
2018-08-24 12:33:05 [scrapy.core.engine] INFO: Closing spider (shutdown)
2018-08-24 12:33:05 [scrapy.statscollectors] INFO: Dumping Scrapy stats:
{'finish_reason': 'shutdown',
 'finish_time': datetime.datetime(2018, 8, 24, 4, 33, 5, 243503),
 'log_count/INFO': 9,
 'start_time': datetime.datetime(2018, 8, 24, 4, 33, 2, 201670)}
2018-08-24 12:33:05 [scrapy.core.engine] INFO: Spider closed (shutdown)
